Build started 19/06/2015 02:34:29.
     1>Project "C:\Users\Javier\Desktop\Programació 2\UnitTest\UnitTest.vcxproj" on node 3 (Build target(s)).
     1>ClCompile:
         C:\Program Files (x86)\Microsoft Visual Studio 12.0\VC\bin\CL.exe /c /I"C:\Program Files (x86)\Microsoft Visual Studio 12.0\VC\UnitTest\include" /ZI /nologo /W3 /WX- /Od /Oy- /D WIN32 /D _DEBUG /D _WINDLL /D _UNICODE /D UNICODE /Gm /EHsc /RTC1 /MDd /GS /fp:precise /Zc:wchar_t /Zc:forScope /Yu"stdafx.h" /Fp"Debug\UnitTest.pch" /Fo"Debug\\" /Fd"Debug\vc120.pdb" /Gd /TP /analyze- /FC /errorReport:prompt unittest1.cpp
         unittest1.cpp
     1>c:\users\javier\desktop\programació 2\programació 2\projectile.h(22): warning C4172: returning address of local variable or temporary
       Link:
         C:\Program Files (x86)\Microsoft Visual Studio 12.0\VC\bin\link.exe /ERRORREPORT:PROMPT /OUT:"C:\Users\Javier\Desktop\Programació 2\Debug\UnitTest.dll" /INCREMENTAL /NOLOGO /LIBPATH:"C:\Program Files (x86)\Microsoft Visual Studio 12.0\VC\UnitTest\lib" kernel32.lib user32.lib gdi32.lib winspool.lib comdlg32.lib advapi32.lib shell32.lib ole32.lib oleaut32.lib uuid.lib odbc32.lib odbccp32.lib /MANIFEST /MANIFESTUAC:"level='asInvoker' uiAccess='false'" /manifest:embed /DEBUG /PDB:"C:\Users\Javier\Desktop\Programació 2\Debug\UnitTest.pdb" /SUBSYSTEM:WINDOWS /TLBID:1 /DYNAMICBASE /NXCOMPAT /IMPLIB:"C:\Users\Javier\Desktop\Programació 2\Debug\UnitTest.lib" /MACHINE:X86 /DLL Debug\stdafx.obj
         Debug\unittest1.obj
            Creating library C:\Users\Javier\Desktop\Programació 2\Debug\UnitTest.lib and object C:\Users\Javier\Desktop\Programació 2\Debug\UnitTest.exp
     1>unittest1.obj : error LNK2019: unresolved external symbol "public: __thiscall String::~String(void)" (??1String@@QAE@XZ) referenced in function "public: void __thiscall UnitTest::StringClass::TestMethod_constructEmpty(void)" (?TestMethod_constructEmpty@StringClass@UnitTest@@QAEXXZ)
     1>C:\Users\Javier\Desktop\Programació 2\Debug\UnitTest.dll : fatal error LNK1120: 1 unresolved externals
     1>Done Building Project "C:\Users\Javier\Desktop\Programació 2\UnitTest\UnitTest.vcxproj" (Build target(s)) -- FAILED.

Build FAILED.

Time Elapsed 00:00:01.09
